TN:
SF:C:\Git_Repos\Maintenance-Tracker\server\app.js
FNF:0
FNH:0
DA:6,1
DA:8,1
DA:9,1
DA:11,1
DA:12,1
LF:5
LH:5
BRF:0
BRH:0
end_of_record
TN:
SF:C:\Git_Repos\Maintenance-Tracker\server\controllers\requestsController.js
FN:7,(anonymous_0)
FN:10,(anonymous_1)
FN:28,(anonymous_2)
FN:71,(anonymous_3)
FN:76,(anonymous_4)
FN:89,(anonymous_5)
FN:99,(anonymous_6)
FN:103,(anonymous_7)
FNF:8
FNH:8
FNDA:8,(anonymous_0)
FNDA:8,(anonymous_1)
FNDA:56,(anonymous_2)
FNDA:2,(anonymous_3)
FNDA:2,(anonymous_4)
FNDA:8,(anonymous_5)
FNDA:2,(anonymous_6)
FNDA:7,(anonymous_7)
DA:3,1
DA:5,2
DA:6,2
DA:7,8
DA:8,1
DA:10,8
DA:11,1
DA:15,3
DA:16,3
DA:17,1
DA:19,2
DA:20,1
DA:22,1
DA:27,7
DA:28,56
DA:29,7
DA:31,1
DA:34,1
DA:37,1
DA:40,1
DA:43,1
DA:44,1
DA:47,2
DA:48,2
DA:58,2
DA:59,2
DA:65,4
DA:66,4
DA:67,3
DA:68,3
DA:69,3
DA:70,1
DA:71,2
DA:72,1
DA:74,2
DA:75,2
DA:76,2
DA:77,2
DA:80,1
DA:81,1
DA:82,1
DA:83,1
DA:84,1
DA:85,1
DA:87,1
DA:89,8
DA:90,1
DA:95,2
DA:97,2
DA:98,1
DA:99,2
DA:100,1
DA:102,1
DA:103,7
DA:104,1
LF:55
LH:55
BRDA:6,0,0,1
BRDA:6,0,1,1
BRDA:16,1,0,1
BRDA:16,1,1,2
BRDA:19,2,0,1
BRDA:19,2,1,1
BRDA:19,3,0,2
BRDA:19,3,1,2
BRDA:29,4,0,1
BRDA:29,4,1,1
BRDA:29,4,2,1
BRDA:29,4,3,1
BRDA:29,4,4,1
BRDA:29,4,5,2
BRDA:42,5,0,3
BRDA:42,5,1,2
BRDA:66,6,0,3
BRDA:66,6,1,1
BRDA:68,7,0,3
BRDA:68,7,1,3
BRDA:69,8,0,1
BRDA:69,8,1,2
BRDA:74,9,0,2
BRDA:74,9,1,0
BRDA:74,10,0,2
BRDA:74,10,1,1
BRDA:80,11,0,1
BRDA:80,11,1,0
BRDA:81,12,0,1
BRDA:81,12,1,0
BRDA:82,13,0,1
BRDA:82,13,1,1
BRDA:83,14,0,1
BRDA:83,14,1,1
BRDA:84,15,0,1
BRDA:84,15,1,0
BRDA:84,16,0,1
BRDA:84,16,1,0
BRDA:97,17,0,1
BRDA:97,17,1,1
BRDA:102,18,0,1
BRDA:102,18,1,0
BRF:42
BRH:36
end_of_record
TN:
SF:C:\Git_Repos\Maintenance-Tracker\server\controllers\usersController.js
FN:8,(anonymous_0)
FNF:1
FNH:1
FNDA:28,(anonymous_0)
DA:4,1
DA:6,8
DA:7,8
DA:8,28
DA:9,7
DA:10,5
DA:15,5
DA:16,5
DA:18,2
DA:20,1
LF:10
LH:10
BRDA:7,0,0,7
BRDA:7,0,1,1
BRDA:7,1,0,8
BRDA:7,1,1,7
BRDA:9,2,0,5
BRDA:9,2,1,2
BRDA:9,3,0,7
BRDA:9,3,1,6
BRF:8
BRH:8
end_of_record
TN:
SF:C:\Git_Repos\Maintenance-Tracker\server\helpers\JWToken.js
FNF:0
FNH:0
DA:3,1
DA:5,1
DA:7,7
DA:10,39
DA:11,39
DA:13,2
LF:6
LH:6
BRF:0
BRH:0
end_of_record
TN:
SF:C:\Git_Repos\Maintenance-Tracker\server\middlewares\authMiddleware.js
FNF:0
FNH:0
DA:3,1
DA:5,38
DA:6,38
DA:7,37
DA:8,37
DA:9,36
DA:10,36
DA:12,1
DA:14,1
LF:9
LH:9
BRDA:5,0,0,38
BRDA:5,0,1,1
BRDA:6,1,0,37
BRDA:6,1,1,1
BRDA:8,2,0,36
BRDA:8,2,1,1
BRF:6
BRH:6
end_of_record
TN:
SF:C:\Git_Repos\Maintenance-Tracker\server\middlewares\requestsMiddleware.js
FN:6,(anonymous_0)
FNF:1
FNH:1
FNDA:216,(anonymous_0)
DA:3,1
DA:5,27
DA:6,216
DA:7,27
DA:8,23
DA:9,23
DA:11,4
DA:15,25
DA:16,25
DA:17,14
DA:19,11
DA:20,6
DA:22,5
DA:26,10
DA:27,10
DA:28,8
DA:30,2
DA:34,18
DA:35,18
DA:36,18
DA:38,4
DA:39,2
DA:41,2
DA:44,14
DA:45,12
DA:46,12
DA:47,10
DA:48,3
DA:50,7
DA:52,2
DA:57,10
DA:59,10
DA:60,8
DA:61,2
DA:63,6
DA:64,2
DA:66,4
DA:68,2
LF:38
LH:38
BRDA:7,0,0,23
BRDA:7,0,1,4
BRDA:16,1,0,14
BRDA:16,1,1,11
BRDA:19,2,0,6
BRDA:19,2,1,5
BRDA:27,3,0,8
BRDA:27,3,1,2
BRDA:36,4,0,4
BRDA:36,4,1,14
BRDA:38,5,0,2
BRDA:38,5,1,2
BRDA:44,6,0,12
BRDA:44,6,1,2
BRDA:46,7,0,2
BRDA:46,7,1,10
BRDA:46,8,0,12
BRDA:46,8,1,4
BRDA:47,9,0,3
BRDA:47,9,1,7
BRDA:47,10,0,10
BRDA:47,10,1,7
BRDA:47,10,2,6
BRDA:59,11,0,8
BRDA:59,11,1,2
BRDA:60,12,0,2
BRDA:60,12,1,6
BRDA:63,13,0,2
BRDA:63,13,1,4
BRDA:63,14,0,6
BRDA:63,14,1,4
BRF:31
BRH:31
end_of_record
TN:
SF:C:\Git_Repos\Maintenance-Tracker\server\routes\requests.js
FNF:0
FNH:0
DA:6,1
DA:8,1
DA:9,1
DA:14,1
DA:23,1
DA:33,1
LF:6
LH:6
BRF:0
BRH:0
end_of_record
TN:
SF:C:\Git_Repos\Maintenance-Tracker\server\routes\users.js
FNF:0
FNH:0
DA:4,1
DA:6,1
LF:2
LH:2
BRF:0
BRH:0
end_of_record
